<?xml version="1.0" encoding="UTF-8"?>
<testng-results ignored="0" total="1" passed="1" failed="0" skipped="0">
  <reporter-output>
  </reporter-output>
  <suite started-at="2023-07-27T17:56:41Z" name="Surefire suite" finished-at="2023-07-27T17:58:02Z" duration-ms="80791">
    <groups>
    </groups>
    <test started-at="2023-07-27T17:56:41Z" name="Surefire test" finished-at="2023-07-27T17:58:02Z" duration-ms="80791">
      <class name="com.falcon.TestCases.FalconRunnabletest">
        <test-method signature="executeTestCases()[pri:0, instance:com.falcon.TestCases.FalconRunnabletest@41d477ed]" started-at="2023-07-27T17:56:41Z" name="executeTestCases" finished-at="2023-07-27T17:58:02Z" duration-ms="80780" status="PASS">
          <reporter-output>
          </reporter-output>
        </test-method> <!-- executeTestCases -->
      </class> <!-- com.falcon.TestCases.FalconRunnabletest -->
    </test> <!-- Surefire test -->
  </suite> <!-- Surefire suite -->
</testng-results>
