<?xml version="1.0" encoding="UTF-8"?>
<!-- Generated by org.testng.reporters.JUnitXMLReporter -->
<testsuite ignored="3" hostname="OCIFXDemo-01" failures="0" tests="2" name="Falcon test" time="79.637" errors="0" timestamp="27 Jul 2023 17:58:02 GMT">
  <testcase classname="com.falcon.TestCases.TC_001_CreditRisk" name="TC_001_CreditRiskAdd ON DATASET1 *** DESKTOP ***   ***   *** CHROME" time="21.041"/>
  <testcase classname="com.falcon.TestCases.TC_3i_bank_flow" name="TC_3i_bank_flow ON DATASET1 *** DESKTOP ***   ***   *** CHROME" time="31.821"/>
  <testcase classname="com.falcon.driver.TestBase" name="@AfterSuite endTest" time="0.0">
    <ignored/>
  </testcase> <!-- @AfterSuite endTest -->
  <testcase classname="com.falcon.driver.TestBase" name="@BeforeSuite beforeSuite" time="0.0">
    <ignored/>
  </testcase> <!-- @BeforeSuite beforeSuite -->
  <testcase classname="com.falcon.driver.TestBase" name="@AfterSuite afterSuite" time="0.0">
    <ignored/>
  </testcase> <!-- @AfterSuite afterSuite -->
</testsuite> <!-- Falcon test -->
